<?xml version="1.0" encoding="UTF-8"?>
<!-- Generated by org.testng.reporters.JUnitXMLReporter -->
<testsuite ignored="1" hostname="devops" failures="0" tests="3" name="Test" time="24.129" errors="0" timestamp="2025-01-06T11:33:55 IST">
  <testcase classname="com.BikeBE.Kawasaki" name="link" time="5.732"/>
  <testcase classname="com.BikeBE.Bajaj" name="link" time="12.647"/>
  <testcase classname="com.BikeBE.Hero" name="link" time="24.102"/>
  <testcase classname="com.BikeBE.Yamaha" name="link" time="0.0">
    <ignored/>
  </testcase> <!-- link -->
</testsuite> <!-- Test -->
